Using pre-set license
Built from '2021.1/release' branch; Version is '2021.1.4f1 (4cd64a618c1b) revision 5035594'; Using compiler version '192528614'; Build Type 'Release'
OS: 'Windows 10 Pro; OS build 19042.928; Version 2009; 64bit' Language: 'en' Physical Memory: 65429 MB
BatchMode: 1, IsHumanControllingUs: 0, StartBugReporterOnCrash: 0, Is64bit: 1, IsPro: 0

 COMMAND LINE ARGUMENTS:
D:\Apps\Unity\2021.1.4f1\Editor\Unity.exe
-adb2
-batchMode
-noUpm
-name
AssetImportWorker0
-projectPath
D:/Projects/GitHub/seex-game/dgg-character-creator
-logFile
Logs/AssetImportWorker0.log
-srvPort
60645
Successfully changed project path to: D:/Projects/GitHub/seex-game/dgg-character-creator
D:/Projects/GitHub/seex-game/dgg-character-creator
Using Asset Import Pipeline V2.
Refreshing native plugins compatible for Editor in 79.95 ms, found 2 plugins.
Preloading 0 native plugins for Editor in 0.00 ms.
Initialize engine version: 2021.1.4f1 (4cd64a618c1b)
[Subsystems] Discovering subsystems at path D:/Apps/Unity/2021.1.4f1/Editor/Data/Resources/UnitySubsystems
[Subsystems] Discovering subsystems at path D:/Projects/GitHub/seex-game/dgg-character-creator/Assets
GfxDevice: creating device client; threaded=0; jobified=0
Direct3D:
    Version:  Direct3D 11.0 [level 11.1]
    Renderer: NVIDIA GeForce RTX 2080 Ti (ID=0x1e07)
    Vendor:   NVIDIA
    VRAM:     11049 MB
    Driver:   27.21.14.6611
Initialize mono
Mono path[0] = 'D:/Apps/Unity/2021.1.4f1/Editor/Data/Managed'
Mono path[1] = 'D:/Apps/Unity/2021.1.4f1/Editor/Data/MonoBleedingEdge/lib/mono/unityjit'
Mono config path = 'D:/Apps/Unity/2021.1.4f1/Editor/Data/MonoBleedingEdge/etc'
Using monoOptions --debugger-agent=transport=dt_socket,embedding=1,server=y,suspend=n,address=127.0.0.1:56796
Begin MonoManager ReloadAssembly
Registering precompiled unity dll's ...
Register platform support module: D:/Apps/Unity/2021.1.4f1/Editor/Data/PlaybackEngines/WebGLSupport/UnityEditor.WebGL.Extensions.dll
Register platform support module: D:/Apps/Unity/2021.1.4f1/Editor/Data/PlaybackEngines/WindowsStandaloneSupport/UnityEditor.WindowsStandalone.Extensions.dll
Registered in 0.001203 seconds.
Native extension for WindowsStandalone target not found
Native extension for WebGL target not found
Refreshing native plugins compatible for Editor in 82.69 ms, found 2 plugins.
Preloading 0 native plugins for Editor in 0.00 ms.
Mono: successfully reloaded assembly
- Completed reload, in  1.100 seconds
Platform modules already initialized, skipping
Registering precompiled user dll's ...
Registered in 0.002248 seconds.
Begin MonoManager ReloadAssembly
Native extension for WindowsStandalone target not found
Native extension for WebGL target not found
Refreshing native plugins compatible for Editor in 80.23 ms, found 2 plugins.
Preloading 0 native plugins for Editor in 0.00 ms.
Mono: successfully reloaded assembly
- Completed reload, in  0.928 seconds
Platform modules already initialized, skipping
========================================================================
Worker process is ready to serve import requests
Launched and connected shader compiler UnityShaderCompiler.exe after 0.04 seconds
Refreshing native plugins compatible for Editor in 0.78 ms, found 2 plugins.
Preloading 0 native plugins for Editor in 0.00 ms.
Unloading 3388 Unused Serialized files (Serialized files now loaded: 0)
System memory in use before: 130.1 MB.
System memory in use after: 130.2 MB.

Unloading 29 unused Assets to reduce memory usage. Loaded Objects now: 3841.
Total: 2.846200 ms (FindLiveObjects: 0.369500 ms CreateObjectMapping: 0.107100 ms MarkObjects: 2.245700 ms  DeleteObjects: 0.122800 ms)

========================================================================
Received Import Request.
  path: Assets/TextMesh Pro/Sprites
  artifactKey: Guid(d0603b6d5186471b96c778c3949c7ce2) Importer(815301076,1909f56bfc062723c751e8b465ee728b)
Start importing Assets/TextMesh Pro/Sprites using Guid(d0603b6d5186471b96c778c3949c7ce2) Importer(815301076,1909f56bfc062723c751e8b465ee728b)  -> (artifact id: '2d745bace3106b00e1a7c1f30933f111') in 0.005924 seconds 
========================================================================
Received Import Request.
  Time since last request: 1.878608 seconds.
  path: Assets/TextMesh Pro/Documentation
  artifactKey: Guid(8e7e8f5a82a3a134e91c54efd2274ea9) Importer(815301076,1909f56bfc062723c751e8b465ee728b)
Start importing Assets/TextMesh Pro/Documentation using Guid(8e7e8f5a82a3a134e91c54efd2274ea9) Importer(815301076,1909f56bfc062723c751e8b465ee728b)  -> (artifact id: '20065636514c115e2be5c55340a728cd') in 0.001982 seconds 
========================================================================
Received Import Request.
  Time since last request: 2.073258 seconds.
  path: Assets/TextMesh Pro/Fonts
  artifactKey: Guid(6ab70aee4d56447429c680537fbf93ed) Importer(815301076,1909f56bfc062723c751e8b465ee728b)
Start importing Assets/TextMesh Pro/Fonts using Guid(6ab70aee4d56447429c680537fbf93ed) Importer(815301076,1909f56bfc062723c751e8b465ee728b)  -> (artifact id: 'ea8e007f732e91762c652bce33115dc5') in 0.002163 seconds 
========================================================================
Received Import Request.
  Time since last request: 1.574261 seconds.
  path: Assets/TextMesh Pro/Resources
  artifactKey: Guid(243e06394e614e5d99fab26083b707fa) Importer(815301076,1909f56bfc062723c751e8b465ee728b)
Start importing Assets/TextMesh Pro/Resources using Guid(243e06394e614e5d99fab26083b707fa) Importer(815301076,1909f56bfc062723c751e8b465ee728b)  -> (artifact id: '7cb9cc98713e696222b12c25e55f13c8') in 0.001740 seconds 
========================================================================
Received Import Request.
  Time since last request: 0.997254 seconds.
  path: Assets/TextMesh Pro/Resources/Sprite Assets
  artifactKey: Guid(512a49d95c0c4332bdd98131869c23c9) Importer(815301076,1909f56bfc062723c751e8b465ee728b)
Start importing Assets/TextMesh Pro/Resources/Sprite Assets using Guid(512a49d95c0c4332bdd98131869c23c9) Importer(815301076,1909f56bfc062723c751e8b465ee728b)  -> (artifact id: '72fd47ca76690b4eb9a8d6822db508e1') in 0.001572 seconds 
========================================================================
Received Import Request.
  Time since last request: 1.001742 seconds.
  path: Assets/TextMesh Pro/Resources/Style Sheets
  artifactKey: Guid(4aecb92fff08436c8303b10eab8da368) Importer(815301076,1909f56bfc062723c751e8b465ee728b)
Start importing Assets/TextMesh Pro/Resources/Style Sheets using Guid(4aecb92fff08436c8303b10eab8da368) Importer(815301076,1909f56bfc062723c751e8b465ee728b)  -> (artifact id: '79b6f80a189c334c41c6d5ae1285b229') in 0.002083 seconds 
========================================================================
Received Import Request.
  Time since last request: 5.034174 seconds.
  path: Assets/TextMesh Pro/Resources/Fonts & Materials
  artifactKey: Guid(731f1baa9d144a9897cb1d341c2092b8) Importer(815301076,1909f56bfc062723c751e8b465ee728b)
Start importing Assets/TextMesh Pro/Resources/Fonts & Materials using Guid(731f1baa9d144a9897cb1d341c2092b8) Importer(815301076,1909f56bfc062723c751e8b465ee728b)  -> (artifact id: '1d92418a1d14f913982ee70b7f41dedf') in 0.001755 seconds 
========================================================================
Received Import Request.
  Time since last request: 1.773634 seconds.
  path: Assets/TextMesh Pro/Resources/TMP Settings.asset
  artifactKey: Guid(3f5b5dff67a942289a9defa416b206f3) Importer(815301076,1909f56bfc062723c751e8b465ee728b)
Start importing Assets/TextMesh Pro/Resources/TMP Settings.asset using Guid(3f5b5dff67a942289a9defa416b206f3) Importer(815301076,1909f56bfc062723c751e8b465ee728b)  -> (artifact id: '96ca45f0f46f6905d3c8fd75418844e4') in 0.085970 seconds 
========================================================================
Received Import Request.
  Time since last request: 10.977328 seconds.
  path: Assets/TextMesh Pro/Resources/TMP Settings.asset
  artifactKey: Guid(3f5b5dff67a942289a9defa416b206f3) Importer(815301076,1909f56bfc062723c751e8b465ee728b)
Start importing Assets/TextMesh Pro/Resources/TMP Settings.asset using Guid(3f5b5dff67a942289a9defa416b206f3) Importer(815301076,1909f56bfc062723c751e8b465ee728b)  -> (artifact id: '33da1875909aee9d75f2fabac8e1b555') in 0.017913 seconds 
========================================================================
Received Import Request.
  Time since last request: 24.501077 seconds.
  path: Assets/Pixel UI/UI/Beveled
  artifactKey: Guid(87f385b200ff77a40b95071fdb501485) Importer(815301076,1909f56bfc062723c751e8b465ee728b)
Start importing Assets/Pixel UI/UI/Beveled using Guid(87f385b200ff77a40b95071fdb501485) Importer(815301076,1909f56bfc062723c751e8b465ee728b)  -> (artifact id: '9e5bb826d6c22acd3810570da615d5f9') in 0.001576 seconds 
========================================================================
Received Import Request.
  Time since last request: 47.655660 seconds.
  path: Assets/Kira/Sprites/jpdb.png
  artifactKey: Guid(ceb4ca12bfb82b14fbf310d20e9b49fe) Importer(815301076,1909f56bfc062723c751e8b465ee728b)
Start importing Assets/Kira/Sprites/jpdb.png using Guid(ceb4ca12bfb82b14fbf310d20e9b49fe) Importer(815301076,1909f56bfc062723c751e8b465ee728b)  -> (artifact id: '958a16a78b1fc6008d64e6c0d52a208c') in 0.066796 seconds 
